The system is: Windows - 10.0.16299 - AMD64
Compiling the C compiler identification source file "CMakeCCompilerId.c" succeeded.
Compiler: C:/Program Files (x86)/Microsoft Visual Studio/2019/Enterprise/VC/Tools/MSVC/14.22.27905/bin/HostX64/x64/cl.exe 
Build flags: 
Id flags:  

The output was:
0
”√”⁄ x64 µƒ Microsoft (R) C/C++ ”≈ªØ±‡“Î∆˜ 19.22.27905 ∞Ê
∞Ê»®À˘”–(C) Microsoft Corporation°£±£¡ÙÀ˘”–»®¿˚°£

CMakeCCompilerId.c
Microsoft (R) Incremental Linker Version 14.22.27905.0
Copyright (C) Microsoft Corporation.  All rights reserved.

/out:CMakeCCompilerId.exe 
CMakeCCompilerId.obj 


Compilation of the C compiler identification source "CMakeCCompilerId.c" produced "CMakeCCompilerId.exe"

Compilation of the C compiler identification source "CMakeCCompilerId.c" produced "CMakeCCompilerId.obj"

The C compiler identification is MSVC, found in "D:/Á†îÁ©∂ÁîüÈ°πÁõÆ/ÂâëÈó®ÂÖ≥Êú∫Âô®‰∫∫/‰ª£Á†Å‰ªì/01Product/GM6-IRIS_IIR_A1/03Implement/ËΩØ‰ª∂/01Code/embedded software/src/Â∑•ÊéßÊú∫/xjrobot_inspection/out/build/x64-Debug/CMakeFiles/3.14.19060802-MSVC_2/CompilerIdC/CMakeCCompilerId.exe"

Compiling the CXX compiler identification source file "CMakeCXXCompilerId.cpp" succeeded.
Compiler: C:/Program Files (x86)/Microsoft Visual Studio/2019/Enterprise/VC/Tools/MSVC/14.22.27905/bin/HostX64/x64/cl.exe 
Build flags: 
Id flags:  

The output was:
0
”√”⁄ x64 µƒ Microsoft (R) C/C++ ”≈ªØ±‡“Î∆˜ 19.22.27905 ∞Ê
∞Ê»®À˘”–(C) Microsoft Corporation°£±£¡ÙÀ˘”–»®¿˚°£

CMakeCXXCompilerId.cpp
Microsoft (R) Incremental Linker Version 14.22.27905.0
Copyright (C) Microsoft Corporation.  All rights reserved.

/out:CMakeCXXCompilerId.exe 
CMakeCXXCompilerId.obj 


Compilation of the CXX compiler identification source "CMakeCXXCompilerId.cpp" produced "CMakeCXXCompilerId.exe"

Compilation of the CXX compiler identification source "CMakeCXXCompilerId.cpp" produced "CMakeCXXCompilerId.obj"

The CXX compiler identification is MSVC, found in "D:/Á†îÁ©∂ÁîüÈ°πÁõÆ/ÂâëÈó®ÂÖ≥Êú∫Âô®‰∫∫/‰ª£Á†Å‰ªì/01Product/GM6-IRIS_IIR_A1/03Implement/ËΩØ‰ª∂/01Code/embedded software/src/Â∑•ÊéßÊú∫/xjrobot_inspection/out/build/x64-Debug/CMakeFiles/3.14.19060802-MSVC_2/CompilerIdCXX/CMakeCXXCompilerId.exe"

Determining if the C compiler works passed with the following output:
Change Dir: D:/Á†îÁ©∂ÁîüÈ°πÁõÆ/ÂâëÈó®ÂÖ≥Êú∫Âô®‰∫∫/‰ª£Á†Å‰ªì/01Product/GM6-IRIS_IIR_A1/03Implement/ËΩØ‰ª∂/01Code/embedded software/src/Â∑•ÊéßÊú∫/xjrobot_inspection/out/build/x64-Debug/CMakeFiles/CMakeTmp

Run Build Command(s):C:/Program Files (x86)/Microsoft Visual Studio/2019/Enterprise/Common7/IDE/CommonExtensions/Microsoft/CMake/Ninja/ninja.exe cmTC_260b2 
[1/2] Building C object CMakeFiles\cmTC_260b2.dir\testCCompiler.c.obj
[2/2] Linking C executable cmTC_260b2.exe


Detecting C compiler ABI info compiled with the following output:
Change Dir: D:/Á†îÁ©∂ÁîüÈ°πÁõÆ/ÂâëÈó®ÂÖ≥Êú∫Âô®‰∫∫/‰ª£Á†Å‰ªì/01Product/GM6-IRIS_IIR_A1/03Implement/ËΩØ‰ª∂/01Code/embedded software/src/Â∑•ÊéßÊú∫/xjrobot_inspection/out/build/x64-Debug/CMakeFiles/CMakeTmp

Run Build Command(s):C:/Program Files (x86)/Microsoft Visual Studio/2019/Enterprise/Common7/IDE/CommonExtensions/Microsoft/CMake/Ninja/ninja.exe cmTC_a0e6d 
[1/2] Building C object CMakeFiles\cmTC_a0e6d.dir\CMakeCCompilerABI.c.obj
[2/2] Linking C executable cmTC_a0e6d.exe




Detecting C [] compiler features compiled with the following output:
Change Dir: D:/Á†îÁ©∂ÁîüÈ°πÁõÆ/ÂâëÈó®ÂÖ≥Êú∫Âô®‰∫∫/‰ª£Á†Å‰ªì/01Product/GM6-IRIS_IIR_A1/03Implement/ËΩØ‰ª∂/01Code/embedded software/src/Â∑•ÊéßÊú∫/xjrobot_inspection/out/build/x64-Debug/CMakeFiles/CMakeTmp

Run Build Command(s):C:/Program Files (x86)/Microsoft Visual Studio/2019/Enterprise/Common7/IDE/CommonExtensions/Microsoft/CMake/Ninja/ninja.exe cmTC_7b056 
[1/2] Building C object CMakeFiles\cmTC_7b056.dir\feature_tests.c.obj
[2/2] Linking C executable cmTC_7b056.exe


    Feature record: C_FEATURE:1c_function_prototypes
    Feature record: C_FEATURE:1c_variadic_macros
Determining if the CXX compiler works passed with the following output:
Change Dir: D:/Á†îÁ©∂ÁîüÈ°πÁõÆ/ÂâëÈó®ÂÖ≥Êú∫Âô®‰∫∫/‰ª£Á†Å‰ªì/01Product/GM6-IRIS_IIR_A1/03Implement/ËΩØ‰ª∂/01Code/embedded software/src/Â∑•ÊéßÊú∫/xjrobot_inspection/out/build/x64-Debug/CMakeFiles/CMakeTmp

Run Build Command(s):C:/Program Files (x86)/Microsoft Visual Studio/2019/Enterprise/Common7/IDE/CommonExtensions/Microsoft/CMake/Ninja/ninja.exe cmTC_cdf6a 
[1/2] Building CXX object CMakeFiles\cmTC_cdf6a.dir\testCXXCompiler.cxx.obj
[2/2] Linking CXX executable cmTC_cdf6a.exe


Detecting CXX compiler ABI info compiled with the following output:
Change Dir: D:/Á†îÁ©∂ÁîüÈ°πÁõÆ/ÂâëÈó®ÂÖ≥Êú∫Âô®‰∫∫/‰ª£Á†Å‰ªì/01Product/GM6-IRIS_IIR_A1/03Implement/ËΩØ‰ª∂/01Code/embedded software/src/Â∑•ÊéßÊú∫/xjrobot_inspection/out/build/x64-Debug/CMakeFiles/CMakeTmp

Run Build Command(s):C:/Program Files (x86)/Microsoft Visual Studio/2019/Enterprise/Common7/IDE/CommonExtensions/Microsoft/CMake/Ninja/ninja.exe cmTC_cd1ec 
[1/2] Building CXX object CMakeFiles\cmTC_cd1ec.dir\CMakeCXXCompilerABI.cpp.obj
[2/2] Linking CXX executable cmTC_cd1ec.exe




Detecting CXX [] compiler features compiled with the following output:
Change Dir: D:/Á†îÁ©∂ÁîüÈ°πÁõÆ/ÂâëÈó®ÂÖ≥Êú∫Âô®‰∫∫/‰ª£Á†Å‰ªì/01Product/GM6-IRIS_IIR_A1/03Implement/ËΩØ‰ª∂/01Code/embedded software/src/Â∑•ÊéßÊú∫/xjrobot_inspection/out/build/x64-Debug/CMakeFiles/CMakeTmp

Run Build Command(s):C:/Program Files (x86)/Microsoft Visual Studio/2019/Enterprise/Common7/IDE/CommonExtensions/Microsoft/CMake/Ninja/ninja.exe cmTC_a7443 
[1/2] Building CXX object CMakeFiles\cmTC_a7443.dir\feature_tests.cxx.obj
[2/2] Linking CXX executable cmTC_a7443.exe


    Feature record: CXX_FEATURE:1cxx_aggregate_default_initializers
    Feature record: CXX_FEATURE:1cxx_alias_templates
    Feature record: CXX_FEATURE:1cxx_alignas
    Feature record: CXX_FEATURE:1cxx_alignof
    Feature record: CXX_FEATURE:1cxx_attributes
    Feature record: CXX_FEATURE:1cxx_attribute_deprecated
    Feature record: CXX_FEATURE:1cxx_auto_type
    Feature record: CXX_FEATURE:1cxx_binary_literals
    Feature record: CXX_FEATURE:1cxx_constexpr
    Feature record: CXX_FEATURE:1cxx_contextual_conversions
    Feature record: CXX_FEATURE:1cxx_decltype
    Feature record: CXX_FEATURE:1cxx_decltype_auto
    Feature record: CXX_FEATURE:1cxx_decltype_incomplete_return_types
    Feature record: CXX_FEATURE:1cxx_default_function_template_args
    Feature record: CXX_FEATURE:1cxx_defaulted_functions
    Feature record: CXX_FEATURE:1cxx_defaulted_move_initializers
    Feature record: CXX_FEATURE:1cxx_delegating_constructors
    Feature record: CXX_FEATURE:1cxx_deleted_functions
    Feature record: CXX_FEATURE:1cxx_digit_separators
    Feature record: CXX_FEATURE:1cxx_enum_forward_declarations
    Feature record: CXX_FEATURE:1cxx_explicit_conversions
    Feature record: CXX_FEATURE:1cxx_extended_friend_declarations
    Feature record: CXX_FEATURE:1cxx_extern_templates
    Feature record: CXX_FEATURE:1cxx_final
    Feature record: CXX_FEATURE:1cxx_func_identifier
    Feature record: CXX_FEATURE:1cxx_generalized_initializers
    Feature record: CXX_FEATURE:1cxx_generic_lambdas
    Feature record: CXX_FEATURE:1cxx_inheriting_constructors
    Feature record: CXX_FEATURE:1cxx_inline_namespaces
    Feature record: CXX_FEATURE:1cxx_lambdas
    Feature record: CXX_FEATURE:1cxx_lambda_init_captures
    Feature record: CXX_FEATURE:1cxx_local_type_template_args
    Feature record: CXX_FEATURE:1cxx_long_long_type
    Feature record: CXX_FEATURE:1cxx_noexcept
    Feature record: CXX_FEATURE:1cxx_nonstatic_member_init
    Feature record: CXX_FEATURE:1cxx_nullptr
    Feature record: CXX_FEATURE:1cxx_override
    Feature record: CXX_FEATURE:1cxx_range_for
    Feature record: CXX_FEATURE:1cxx_raw_string_literals
    Feature record: CXX_FEATURE:1cxx_reference_qualified_functions
    Feature record: CXX_FEATURE:1cxx_return_type_deduction
    Feature record: CXX_FEATURE:1cxx_right_angle_brackets
    Feature record: CXX_FEATURE:1cxx_rvalue_references
    Feature record: CXX_FEATURE:1cxx_sizeof_member
    Feature record: CXX_FEATURE:1cxx_static_assert
    Feature record: CXX_FEATURE:1cxx_strong_enums
    Feature record: CXX_FEATURE:1cxx_template_template_parameters
    Feature record: CXX_FEATURE:1cxx_thread_local
    Feature record: CXX_FEATURE:1cxx_trailing_return_types
    Feature record: CXX_FEATURE:1cxx_unicode_literals
    Feature record: CXX_FEATURE:1cxx_uniform_initialization
    Feature record: CXX_FEATURE:1cxx_unrestricted_unions
    Feature record: CXX_FEATURE:1cxx_user_literals
    Feature record: CXX_FEATURE:1cxx_variable_templates
    Feature record: CXX_FEATURE:1cxx_variadic_macros
    Feature record: CXX_FEATURE:1cxx_variadic_templates
